##############################
Started Script at 
\n
##############################
Started Script at Fri Nov 13 21:06:01 CET 2020
\n
\n
##############################
Started Script at Fri Nov 13 21:07:01 CET 2020
\n
\n
##############################
Started Script at Fri Nov 13 21:08:01 CET 2020
\n
\n
##########################################
Started Script at 11/13/20 21:09:01 +0100
\n

#########################################
Started Script at 11/13/20 21:10:01 +0100
#########################################


#########################################
Started Script at 11/13/20 21:11:01 +0100
#########################################


#########################################
Started Script at 11/13/20 21:12:01 +0100
#########################################


#########################################
Started Script at 11/13/20 21:13:01 +0100
#########################################


#########################################
Started Script at 11/13/20 21:14:01 +0100
#########################################


#########################################
Started Script at 11/13/20 21:15:01 +0100
#########################################


#########################################
Started Script at 11/13/20 21:16:01 +0100
#########################################

THERE IS CURRENTLY  CONNECTIONS

#########################################
Started Script at 11/13/20 21:17:01 +0100
#########################################

THERE IS CURRENTLY  CONNECTIONS

#########################################
Started Script at 11/13/20 21:18:01 +0100
#########################################

THERE IS CURRENTLY  CONNECTIONS
THERE IS CURRENTLY  CONNECTIONS

#########################################
Started Script at 11/13/20 21:19:01 +0100
#########################################

THERE IS CURRENTLY 1 CONNECTIONS

#########################################
Started Script at 11/13/20 21:20:01 +0100
#########################################

THERE IS CURRENTLY 1 CONNECTIONS

#########################################
Started Script at 11/13/20 21:21:01 +0100
#########################################

THERE IS CURRENTLY 1 CONNECTIONS

#########################################
Started Script at 11/13/20 21:22:01 +0100
#########################################

THERE IS CURRENTLY 1 CONNECTIONS

#########################################
Started Script at 11/13/20 21:23:01 +0100
#########################################

THERE IS CURRENTLY 1 CONNECTIONS

#########################################
Started Script at 11/13/20 21:24:01 +0100
#########################################

THERE IS CURRENTLY 1 CONNECTIONS

#########################################
Started Script at 11/13/20 21:25:01 +0100
#########################################

THERE IS CURRENTLY 1 CONNECTIONS

#########################################
Started Script at 11/13/20 21:26:01 +0100
#########################################

THERE IS CURRENTLY 1 OPEN CONNECTION(S)

#########################################
Started Script at 11/13/20 21:27:01 +0100
#########################################

THERE IS CURRENTLY 0 OPEN CONNECTION(S)
NO CURRENT CONNECTIONS

#########################################
Started Script at 11/13/20 21:28:01 +0100
#########################################

THERE IS CURRENTLY 0 OPEN CONNECTION(S)
NO CURRENT CONNECTIONS

#########################################
Started Script at 11/13/20 21:29:01 +0100
#########################################

THERE IS CURRENTLY 0 OPEN CONNECTION(S)
NO CURRENT CONNECTIONS

#########################################
Started Script at 11/13/20 21:30:01 +0100
#########################################

THERE IS CURRENTLY 0 OPEN CONNECTION(S)
NO CURRENT CONNECTIONS

#########################################
Started Script at 11/13/20 21:31:01 +0100
#########################################

THERE IS CURRENTLY 0 OPEN CONNECTION(S)
NO CURRENT CONNECTIONS

#########################################
Started Script at 11/13/20 21:32:01 +0100
#########################################

THERE IS CURRENTLY 1 OPEN CONNECTION(S)

#########################################
Started Script at 11/13/20 21:33:01 +0100
#########################################

THERE IS CURRENTLY 1 OPEN CONNECTION(S)

#########################################
Started Script at 11/13/20 21:34:01 +0100
#########################################

THERE IS CURRENTLY 0 OPEN CONNECTION(S)
NO CURRENT CONNECTIONS
WAS ONLINE FROM  MINUTES

#########################################
Started Script at 11/13/20 21:35:01 +0100
#########################################

THERE IS CURRENTLY 0 OPEN CONNECTION(S)
NO CURRENT CONNECTIONS
WAS ONLINE FROM  MINUTES

#########################################
Started Script at 11/13/20 21:36:01 +0100
#########################################

THERE IS CURRENTLY 0 OPEN CONNECTION(S)
NO CURRENT CONNECTIONS
WAS ONLINE FROM  MINUTES

#########################################
Started Script at 11/13/20 21:37:01 +0100
#########################################

THERE IS CURRENTLY 0 OPEN CONNECTION(S)
NO CURRENT CONNECTIONS
WAS ONLINE FROM  MINUTES

#########################################
Started Script at 11/13/20 21:38:01 +0100
#########################################

THERE IS CURRENTLY 1 OPEN CONNECTION(S)

#########################################
Started Script at 11/13/20 21:39:01 +0100
#########################################

THERE IS CURRENTLY 0 OPEN CONNECTION(S)
NO CURRENT CONNECTIONS
WAS ONLINE FROM  MINUTES

#########################################
Started Script at 11/13/20 21:40:01 +0100
#########################################

THERE IS CURRENTLY 0 OPEN CONNECTION(S)
NO CURRENT CONNECTIONS
WAS ONLINE FROM  MINUTES

#########################################
Started Script at 11/13/20 21:41:01 +0100
#########################################

THERE IS CURRENTLY 1 OPEN CONNECTION(S)

#########################################
Started Script at 11/13/20 21:42:01 +0100
#########################################

THERE IS CURRENTLY 1 OPEN CONNECTION(S)

#########################################
Started Script at 11/13/20 21:43:01 +0100
#########################################

THERE IS CURRENTLY 0 OPEN CONNECTION(S)
NO CURRENT CONNECTIONS
NOW = 1605300181
LAST ONLINE = 1605300121
WAS ONLINE FROM  MINUTES

#########################################
Started Script at 11/13/20 21:44:01 +0100
#########################################

THERE IS CURRENTLY 0 OPEN CONNECTION(S)
NO CURRENT CONNECTIONS
NOW = 1605300241
LAST ONLINE = 1605300121
WAS ONLINE FROM  MINUTES

#########################################
Started Script at 11/13/20 21:45:01 +0100
#########################################

THERE IS CURRENTLY 0 OPEN CONNECTION(S)
NO CURRENT CONNECTIONS
NOW = 1605300301
LAST ONLINE = 1605300121
WAS ONLINE FROM  MINUTES

#########################################
Started Script at 11/13/20 21:46:01 +0100
#########################################

THERE IS CURRENTLY 1 OPEN CONNECTION(S)

#########################################
Started Script at 11/13/20 21:47:01 +0100
#########################################

THERE IS CURRENTLY 0 OPEN CONNECTION(S)
NO CURRENT CONNECTIONS
NOW = 1605300421
LAST ONLINE = 1605300361
WAS ONLINE FROM  MINUTES

#########################################
Started Script at 11/13/20 21:48:01 +0100
#########################################

THERE IS CURRENTLY 0 OPEN CONNECTION(S)
NO CURRENT CONNECTIONS
NOW = 1605300481
LAST ONLINE = 1605300361
WAS ONLINE FROM  MINUTES

#########################################
Started Script at 11/13/20 21:49:01 +0100
#########################################

THERE IS CURRENTLY 1 OPEN CONNECTION(S)

#########################################
Started Script at 11/13/20 21:50:01 +0100
#########################################

THERE IS CURRENTLY 1 OPEN CONNECTION(S)

#########################################
Started Script at 11/13/20 21:51:01 +0100
#########################################

THERE IS CURRENTLY 1 OPEN CONNECTION(S)

#########################################
Started Script at 11/13/20 21:52:02 +0100
#########################################

THERE IS CURRENTLY 1 OPEN CONNECTION(S)
NO CURRENT CONNECTIONS
NOW = 1605300722
LAST ONLINE = 1605300662
WAS ONLINE FROM  SECONDS

#########################################
Started Script at 11/13/20 21:53:02 +0100
#########################################

THERE IS CURRENTLY 1 OPEN CONNECTION(S)
NO CURRENT CONNECTIONS
NOW = 1605300782
LAST ONLINE = 1605300662
WAS ONLINE FROM  SECONDS

#########################################
Started Script at 11/13/20 21:54:01 +0100
#########################################

THERE IS CURRENTLY 1 OPEN CONNECTION(S)
NO CURRENT CONNECTIONS
NOW = 1605300841
LAST ONLINE = 1605300662
WAS ONLINE FROM  SECONDS

#########################################
Started Script at 11/13/20 21:55:01 +0100
#########################################

THERE IS CURRENTLY 0 OPEN CONNECTION(S)
NO CURRENT CONNECTIONS
NOW = 1605300901
LAST ONLINE = 1605300662
WAS ONLINE FROM 239 SECONDS

#########################################
Started Script at 11/13/20 21:56:01 +0100
#########################################

THERE IS CURRENTLY 0 OPEN CONNECTION(S)
NO CURRENT CONNECTIONS
NOW = 1605300961
LAST ONLINE = 1605300662
WAS ONLINE FROM 299 SECONDS

#########################################
Started Script at 11/13/20 21:57:01 +0100
#########################################

THERE IS CURRENTLY 0 OPEN CONNECTION(S)
NO CURRENT CONNECTIONS
NOW = 1605301021
LAST ONLINE = 1605300662
WAS ONLINE FROM 359 SECONDS

#########################################
Started Script at 11/13/20 21:58:01 +0100
#########################################

THERE IS CURRENTLY 0 OPEN CONNECTION(S)
NO CURRENT CONNECTIONS
NOW = 1605301081
LAST ONLINE = 1605300662
WAS ONLINE FROM 419 SECONDS

#########################################
Started Script at 11/13/20 21:59:01 +0100
#########################################

THERE IS CURRENTLY 0 OPEN CONNECTION(S)
NO CURRENT CONNECTIONS
NOW = 1605301141
LAST ONLINE = 1605300662
WAS ONLINE FROM 479 SECONDS

#########################################
Started Script at 11/13/20 22:00:01 +0100
#########################################

THERE IS CURRENTLY 0 OPEN CONNECTION(S)
NO CURRENT CONNECTIONS
NOW = 1605301201
LAST ONLINE = 1605300662
WAS ONLINE FROM 539 SECONDS

#########################################
Started Script at 11/13/20 22:01:01 +0100
#########################################

THERE IS CURRENTLY 0 OPEN CONNECTION(S)
NO CURRENT CONNECTIONS
NOW = 1605301261
LAST ONLINE = 1605300662
WAS ONLINE FROM 599 SECONDS

#########################################
Started Script at 11/13/20 22:02:01 +0100
#########################################

THERE IS CURRENTLY 0 OPEN CONNECTION(S)
NO CURRENT CONNECTIONS
NOW = 1605301321
LAST ONLINE = 1605300662
WAS ONLINE FROM 659 SECONDS

#########################################
Started Script at 11/13/20 22:03:01 +0100
#########################################

THERE IS CURRENTLY 0 OPEN CONNECTION(S)
NO CURRENT CONNECTIONS
NOW = 1605301381
LAST ONLINE = 1605300662
WAS ONLINE FROM 719 SECONDS

#########################################
Started Script at 11/13/20 22:04:01 +0100
#########################################

THERE IS CURRENTLY 0 OPEN CONNECTION(S)
NO CURRENT CONNECTIONS
NOW = 1605301441
LAST ONLINE = 1605300662
WAS ONLINE FROM 779 SECONDS

#########################################
Started Script at 11/13/20 22:05:01 +0100
#########################################

THERE IS CURRENTLY 0 OPEN CONNECTION(S)
NO CURRENT CONNECTIONS
NOW = 1605301501
LAST ONLINE = 1605300662
WAS ONLINE FROM 839 SECONDS

#########################################
Started Script at 11/13/20 22:06:01 +0100
#########################################

THERE IS CURRENTLY 0 OPEN CONNECTION(S)
NO CURRENT CONNECTIONS
NOW = 1605301561
LAST ONLINE = 1605300662
WAS ONLINE FROM 899 SECONDS

#########################################
Started Script at 11/13/20 22:07:01 +0100
#########################################

THERE IS CURRENTLY 0 OPEN CONNECTION(S)
NO CURRENT CONNECTIONS
NOW = 1605301621
LAST ONLINE = 1605300662
WAS ONLINE FROM 959 SECONDS

#########################################
Started Script at 11/13/20 22:08:01 +0100
#########################################

THERE IS CURRENTLY 1 OPEN CONNECTION(S)

#########################################
Started Script at 11/13/20 22:09:01 +0100
#########################################

THERE IS CURRENTLY 0 OPEN CONNECTION(S)
NOW = 1605301741
LAST ONLINE = 1605301681
WAS ONLINE FROM 60 SECONDS

#########################################
Started Script at 11/13/20 22:10:01 +0100
#########################################

THERE IS CURRENTLY 0 OPEN CONNECTION(S)
NOW = 1605301801
LAST ONLINE = 1605301681
WAS ONLINE FROM 120 SECONDS

#########################################
Started Script at 11/13/20 22:11:01 +0100
#########################################

THERE IS CURRENTLY 0 OPEN CONNECTION(S)
NOW = 1605301861
LAST ONLINE = 1605301681
WAS ONLINE FROM 180 SECONDS

#########################################
Started Script at 11/13/20 22:12:01 +0100
#########################################

THERE IS CURRENTLY 0 OPEN CONNECTION(S)
NOW = 1605301921
LAST ONLINE = 1605301681
WAS ONLINE FROM 240 SECONDS

#########################################
Started Script at 11/13/20 22:13:01 +0100
#########################################

THERE IS CURRENTLY 0 OPEN CONNECTION(S)
NOW = 1605301981
LAST ONLINE = 1605301681
WAS ONLINE FROM 300 SECONDS

#########################################
Started Script at 11/13/20 22:14:01 +0100
#########################################

THERE IS CURRENTLY 0 OPEN CONNECTION(S)
NOW = 1605302041
LAST ONLINE = 1605301681
WAS ONLINE FROM 360 SECONDS

#########################################
Started Script at 11/13/20 22:15:01 +0100
#########################################

THERE IS CURRENTLY 0 OPEN CONNECTION(S)
NOW = 1605302101
LAST ONLINE = 1605301681
WAS ONLINE FROM 420 SECONDS

#########################################
Started Script at 11/13/20 22:16:01 +0100
#########################################

THERE IS CURRENTLY 0 OPEN CONNECTION(S)
NOW = 1605302161
LAST ONLINE = 1605301681
WAS ONLINE FROM 480 SECONDS

#########################################
Started Script at 11/13/20 22:17:01 +0100
#########################################

THERE IS CURRENTLY 0 OPEN CONNECTION(S)
NOW = 1605302221
LAST ONLINE = 1605301681
WAS ONLINE FROM 540 SECONDS

#########################################
Started Script at 11/13/20 22:18:01 +0100
#########################################

THERE IS CURRENTLY 1 OPEN CONNECTION(S)

#########################################
Started Script at 11/13/20 22:19:01 +0100
#########################################

THERE IS CURRENTLY 1 OPEN CONNECTION(S)

#########################################
Started Script at 11/13/20 22:20:01 +0100
#########################################

THERE IS CURRENTLY 1 OPEN CONNECTION(S)

#########################################
Started Script at 11/13/20 22:21:01 +0100
#########################################

THERE IS CURRENTLY 0 OPEN CONNECTION(S)
NOW = 1605302461
LAST ONLINE = 1605302401
WAS ONLINE FROM 60 SECONDS
WILL NOT SHUTDOWN

#########################################
Started Script at 11/13/20 22:22:01 +0100
#########################################

THERE IS CURRENTLY 0 OPEN CONNECTION(S)
NOW = 1605302521
LAST ONLINE = 1605302401
WAS ONLINE FROM 120 SECONDS
THE SYSTEM WILL BE SHUTDOWN

#########################################
Started Script at 11/13/20 22:23:01 +0100
#########################################

THERE IS CURRENTLY 0 OPEN CONNECTION(S)
NOW = 1605302581
LAST ONLINE = 1605302401
WAS ONLINE FROM 180 SECONDS
THE SYSTEM WILL BE SHUTDOWN

#########################################
Started Script at 11/13/20 22:24:01 +0100
#########################################

THERE IS CURRENTLY 0 OPEN CONNECTION(S)
NOW = 1605302641
LAST ONLINE = 1605302401
WAS ONLINE FROM 240 SECONDS
THE SYSTEM WILL BE SHUTDOWN

#########################################
Started Script at 11/13/20 22:25:01 +0100
#########################################

THERE IS CURRENTLY 0 OPEN CONNECTION(S)
NOW = 1605302701
LAST ONLINE = 1605302401
WAS ONLINE FROM 300 SECONDS
THE SYSTEM WILL BE SHUTDOWN

#########################################
Started Script at 11/13/20 22:26:01 +0100
#########################################

THERE IS CURRENTLY 1 OPEN CONNECTION(S)

#########################################
Started Script at 11/13/20 22:27:01 +0100
#########################################

THERE IS CURRENTLY 1 OPEN CONNECTION(S)

#########################################
Started Script at 11/13/20 22:28:01 +0100
#########################################

THERE IS CURRENTLY 1 OPEN CONNECTION(S)

#########################################
Started Script at 11/13/20 22:29:01 +0100
#########################################

THERE IS CURRENTLY 0 OPEN CONNECTION(S)
NOW = 1605302941
LAST ONLINE = 1605302881
WAS ONLINE FROM 60 SECONDS
WILL NOT SHUTDOWN

#########################################
Started Script at 11/13/20 22:30:01 +0100
#########################################

THERE IS CURRENTLY 0 OPEN CONNECTION(S)
NOW = 1605303001
LAST ONLINE = 1605302881
WAS ONLINE FROM 120 SECONDS
WILL NOT SHUTDOWN

#########################################
Started Script at 11/13/20 22:31:01 +0100
#########################################

THERE IS CURRENTLY 0 OPEN CONNECTION(S)
NOW = 1605303061
LAST ONLINE = 1605302881
WAS ONLINE FROM 180 SECONDS
 WILL SHUTDOWN in 1 minute

#########################################
Started Script at 11/13/20 22:32:01 +0100
#########################################

THERE IS CURRENTLY 0 OPEN CONNECTION(S)
NOW = 1605303121
LAST ONLINE = 1605302881
WAS ONLINE FROM 240 SECONDS
 WILL SHUTDOWN in 1 minute

#########################################
Started Script at 11/13/20 22:34:01 +0100
#########################################

THERE IS CURRENTLY 1 OPEN CONNECTION(S)

#########################################
Started Script at 11/13/20 22:35:02 +0100
#########################################

THERE IS CURRENTLY 1 OPEN CONNECTION(S)

#########################################
Started Script at 11/13/20 22:36:01 +0100
#########################################

THERE IS CURRENTLY 1 OPEN CONNECTION(S)

#########################################
Started Script at 11/13/20 22:37:01 +0100
#########################################

THERE IS CURRENTLY 1 OPEN CONNECTION(S)

#########################################
Started Script at 11/13/20 22:38:01 +0100
#########################################

THERE IS CURRENTLY 1 OPEN CONNECTION(S)

#########################################
Started Script at 11/13/20 22:39:01 +0100
#########################################

THERE IS CURRENTLY 1 OPEN CONNECTION(S)

#########################################
Started Script at 11/13/20 22:40:01 +0100
#########################################

THERE IS CURRENTLY 1 OPEN CONNECTION(S)

#########################################
Started Script at 11/13/20 22:41:01 +0100
#########################################

THERE IS CURRENTLY 1 OPEN CONNECTION(S)

#########################################
Started Script at 11/13/20 22:42:01 +0100
#########################################

THERE IS CURRENTLY 1 OPEN CONNECTION(S)

#########################################
Started Script at 11/13/20 22:44:01 +0100
#########################################

THERE IS CURRENTLY 1 OPEN CONNECTION(S)

#########################################
Started Script at 11/13/20 22:45:01 +0100
#########################################

THERE IS CURRENTLY 1 OPEN CONNECTION(S)

#########################################
Started Script at 11/13/20 22:46:01 +0100
#########################################

THERE IS CURRENTLY 1 OPEN CONNECTION(S)

#########################################
Started Script at 11/13/20 22:47:01 +0100
#########################################

THERE IS CURRENTLY 1 OPEN CONNECTION(S)

#########################################
Started Script at 11/13/20 22:48:01 +0100
#########################################

THERE IS CURRENTLY 1 OPEN CONNECTION(S)

#########################################
Started Script at 11/13/20 22:49:01 +0100
#########################################

THERE IS CURRENTLY 1 OPEN CONNECTION(S)

#########################################
Started Script at 11/13/20 22:50:01 +0100
#########################################

THERE IS CURRENTLY 1 OPEN CONNECTION(S)

#########################################
Started Script at 11/13/20 22:51:01 +0100
#########################################

THERE IS CURRENTLY 1 OPEN CONNECTION(S)

#########################################
Started Script at 11/13/20 22:52:01 +0100
#########################################

THERE IS CURRENTLY 1 OPEN CONNECTION(S)

#########################################
Started Script at 11/13/20 22:53:01 +0100
#########################################

THERE IS CURRENTLY 1 OPEN CONNECTION(S)

#########################################
Started Script at 11/13/20 22:54:01 +0100
#########################################

THERE IS CURRENTLY 1 OPEN CONNECTION(S)

#########################################
Started Script at 11/13/20 22:55:01 +0100
#########################################

THERE IS CURRENTLY 1 OPEN CONNECTION(S)

#########################################
Started Script at 11/13/20 22:56:01 +0100
#########################################

THERE IS CURRENTLY 1 OPEN CONNECTION(S)

#########################################
Started Script at 11/13/20 22:57:01 +0100
#########################################

THERE IS CURRENTLY 1 OPEN CONNECTION(S)

#########################################
Started Script at 11/13/20 22:58:01 +0100
#########################################

THERE IS CURRENTLY 1 OPEN CONNECTION(S)

#########################################
Started Script at 11/13/20 22:59:01 +0100
#########################################

THERE IS CURRENTLY 1 OPEN CONNECTION(S)

#########################################
Started Script at 11/13/20 23:00:01 +0100
#########################################

THERE IS CURRENTLY 1 OPEN CONNECTION(S)

#########################################
Started Script at 11/13/20 23:01:01 +0100
#########################################

THERE IS CURRENTLY 1 OPEN CONNECTION(S)

#########################################
Started Script at 11/13/20 23:02:01 +0100
#########################################

THERE IS CURRENTLY 1 OPEN CONNECTION(S)

#########################################
Started Script at 11/13/20 23:03:01 +0100
#########################################

THERE IS CURRENTLY 1 OPEN CONNECTION(S)

#########################################
Started Script at 11/13/20 23:04:01 +0100
#########################################

THERE IS CURRENTLY 1 OPEN CONNECTION(S)

#########################################
Started Script at 11/13/20 23:05:01 +0100
#########################################

THERE IS CURRENTLY 0 OPEN CONNECTION(S)
NOW = 1605305101
LAST ONLINE = 1605305041
WAS ONLINE FROM 60 SECONDS
WILL NOT SHUTDOWN

#########################################
Started Script at 11/13/20 23:06:01 +0100
#########################################

THERE IS CURRENTLY 0 OPEN CONNECTION(S)
NOW = 1605305161
LAST ONLINE = 1605305041
WAS ONLINE FROM 120 SECONDS
WILL NOT SHUTDOWN

#########################################
Started Script at 11/13/20 23:07:01 +0100
#########################################

THERE IS CURRENTLY 0 OPEN CONNECTION(S)
NOW = 1605305221
LAST ONLINE = 1605305041
WAS ONLINE FROM 180 SECONDS
WILL NOT SHUTDOWN

#########################################
Started Script at 11/13/20 23:08:01 +0100
#########################################

THERE IS CURRENTLY 0 OPEN CONNECTION(S)
NOW = 1605305281
LAST ONLINE = 1605305041
WAS ONLINE FROM 240 SECONDS
 WILL SHUTDOWN in 1 minute

#########################################
Started Script at 11/13/20 23:09:01 +0100
#########################################

THERE IS CURRENTLY 0 OPEN CONNECTION(S)
NOW = 1605305341
LAST ONLINE = 1605305041
WAS ONLINE FROM 300 SECONDS
 WILL SHUTDOWN in 1 minute

#########################################
Started Script at 11/13/20 23:44:01 +0100
#########################################

THERE IS CURRENTLY 1 OPEN CONNECTION(S)

#########################################
Started Script at 11/13/20 23:45:01 +0100
#########################################

THERE IS CURRENTLY 1 OPEN CONNECTION(S)

#########################################
Started Script at 11/13/20 23:46:01 +0100
#########################################

THERE IS CURRENTLY 1 OPEN CONNECTION(S)

#########################################
Started Script at 11/13/20 23:47:01 +0100
#########################################

THERE IS CURRENTLY 1 OPEN CONNECTION(S)

#########################################
Started Script at 11/13/20 23:48:01 +0100
#########################################

THERE IS CURRENTLY 1 OPEN CONNECTION(S)

#########################################
Started Script at 11/13/20 23:49:01 +0100
#########################################

THERE IS CURRENTLY 1 OPEN CONNECTION(S)

#########################################
Started Script at 11/13/20 23:50:01 +0100
#########################################

THERE IS CURRENTLY 1 OPEN CONNECTION(S)

#########################################
Started Script at 11/13/20 23:51:01 +0100
#########################################

THERE IS CURRENTLY 1 OPEN CONNECTION(S)

#########################################
Started Script at 11/13/20 23:52:01 +0100
#########################################

THERE IS CURRENTLY 1 OPEN CONNECTION(S)

#########################################
Started Script at 11/13/20 23:53:01 +0100
#########################################

THERE IS CURRENTLY 1 OPEN CONNECTION(S)

#########################################
Started Script at 11/13/20 23:54:01 +0100
#########################################

THERE IS CURRENTLY 1 OPEN CONNECTION(S)

#######################################
Ended Script at 11/13/20 23:54:01 +0100
#######################################


#########################################
Started Script at 11/13/20 23:56:01 +0100
#########################################

THERE IS CURRENTLY 1 OPEN CONNECTION(S)

#######################################
Ended Script at 11/13/20 23:56:01 +0100
#######################################


#########################################
Started Script at 11/13/20 23:57:01 +0100
#########################################

THERE IS CURRENTLY 1 OPEN CONNECTION(S)

#######################################
Ended Script at 11/13/20 23:57:01 +0100
#######################################


#########################################
Started Script at 11/13/20 23:58:01 +0100
#########################################

THERE IS CURRENTLY 1 OPEN CONNECTION(S)

#######################################
Ended Script at 11/13/20 23:58:01 +0100
#######################################


#########################################
Started Script at 11/13/20 23:59:01 +0100
#########################################

THERE IS CURRENTLY 1 OPEN CONNECTION(S)

#######################################
Ended Script at 11/13/20 23:59:01 +0100
#######################################


#########################################
Started Script at 11/14/20 00:00:01 +0100
#########################################

THERE IS CURRENTLY 1 OPEN CONNECTION(S)

#######################################
Ended Script at 11/14/20 00:00:01 +0100
#######################################


#########################################
Started Script at 11/14/20 00:01:01 +0100
#########################################

THERE IS CURRENTLY 1 OPEN CONNECTION(S)

#######################################
Ended Script at 11/14/20 00:01:01 +0100
#######################################


#########################################
Started Script at 11/14/20 00:02:01 +0100
#########################################

THERE IS CURRENTLY 1 OPEN CONNECTION(S)

#######################################
Ended Script at 11/14/20 00:02:01 +0100
#######################################


#########################################
Started Script at 11/14/20 00:03:01 +0100
#########################################

THERE IS CURRENTLY 1 OPEN CONNECTION(S)

#######################################
Ended Script at 11/14/20 00:03:01 +0100
#######################################


#########################################
Started Script at 11/14/20 00:04:01 +0100
#########################################

THERE IS CURRENTLY 1 OPEN CONNECTION(S)

#######################################
Ended Script at 11/14/20 00:04:01 +0100
#######################################


#########################################
Started Script at 11/14/20 00:05:01 +0100
#########################################

THERE IS CURRENTLY 1 OPEN CONNECTION(S)

#######################################
Ended Script at 11/14/20 00:05:01 +0100
#######################################


#########################################
Started Script at 11/14/20 00:06:01 +0100
#########################################

THERE IS CURRENTLY 1 OPEN CONNECTION(S)

#######################################
Ended Script at 11/14/20 00:06:01 +0100
#######################################


#########################################
Started Script at 11/14/20 00:07:01 +0100
#########################################

THERE IS CURRENTLY 1 OPEN CONNECTION(S)

#######################################
Ended Script at 11/14/20 00:07:01 +0100
#######################################


#########################################
Started Script at 11/14/20 00:08:01 +0100
#########################################

THERE IS CURRENTLY 1 OPEN CONNECTION(S)

#######################################
Ended Script at 11/14/20 00:08:01 +0100
#######################################


#########################################
Started Script at 11/14/20 00:09:01 +0100
#########################################

THERE IS CURRENTLY 1 OPEN CONNECTION(S)

#######################################
Ended Script at 11/14/20 00:09:01 +0100
#######################################

